Flow report for 计组实践
Mon May 03 12:32:47 2021
Quartus II Version 9.1 Build 350 03/24/2010 Service Pack 2 SJ Web Edition


---------------------
; Table of Contents ;
---------------------
  1. Legal Notice
  2. Flow Summary
  3. Flow Settings
  4. Flow Non-Default Global Settings
  5. Flow Elapsed Time
  6. Flow OS Summary
  7. Flow Log



----------------
; Legal Notice ;
----------------
Copyright (C) 1991-2010 Altera Corporation
Your use of Altera Corporation's design tools, logic functions 
and other software and tools, and its AMPP partner logic 
functions, and any output files from any of the foregoing 
(including device programming or simulation files), and any 
associated documentation or information are expressly subject 
to the terms and conditions of the Altera Program License 
Subscription Agreement, Altera MegaCore Function License 
Agreement, or other applicable license agreement, including, 
without limitation, that your use is for the sole purpose of 
programming logic devices manufactured by Altera and sold by 
Altera or its authorized distributors.  Please refer to the 
applicable agreement for further details.



+-----------------------------------------------------------------------------------+
; Flow Summary                                                                      ;
+------------------------------------+----------------------------------------------+
; Flow Status                        ; Successful - Mon May 03 12:32:13 2021        ;
; Quartus II Version                 ; 9.1 Build 350 03/24/2010 SP 2 SJ Web Edition ;
; Revision Name                      ; 计组实践                                     ;
; Top-level Entity Name              ; HostMachine                                  ;
; Family                             ; Cyclone III                                  ;
; Device                             ; EP3C16Q240C8                                 ;
; Timing Models                      ; Final                                        ;
; Met timing requirements            ; N/A                                          ;
; Total logic elements               ; 5,455 / 15,408 ( 35 % )                      ;
;     Total combinational functions  ; 5,083 / 15,408 ( 33 % )                      ;
;     Dedicated logic registers      ; 2,161 / 15,408 ( 14 % )                      ;
; Total registers                    ; 2161                                         ;
; Total pins                         ; 0 / 161 ( 0 % )                              ;
; Total virtual pins                 ; 293                                          ;
; Total memory bits                  ; 65,536 / 516,096 ( 13 % )                    ;
; Embedded Multiplier 9-bit elements ; 0 / 112 ( 0 % )                              ;
; Total PLLs                         ; 0 / 4 ( 0 % )                                ;
+------------------------------------+----------------------------------------------+


+-----------------------------------------+
; Flow Settings                           ;
+-------------------+---------------------+
; Option            ; Setting             ;
+-------------------+---------------------+
; Start date & time ; 05/03/2021 12:30:35 ;
; Main task         ; Compilation         ;
; Revision Name     ; 计组实践            ;
+-------------------+---------------------+


+------------------------------------------------------------------------------------------------------------------------------+
; Flow Non-Default Global Settings                                                                                             ;
+------------------------------------+------------------------------------------+---------------+-------------+----------------+
; Assignment Name                    ; Value                                    ; Default Value ; Entity Name ; Section Id     ;
+------------------------------------+------------------------------------------+---------------+-------------+----------------+
; COMPILER_SIGNATURE_ID              ; 255543658121373.162001623516560          ; --            ; --          ; --             ;
; IP_TOOL_NAME                       ; LPM_MUX                                  ; --            ; --          ; --             ;
; IP_TOOL_NAME                       ; LPM_DECODE                               ; --            ; --          ; --             ;
; IP_TOOL_NAME                       ; LPM_FF                                   ; --            ; --          ; --             ;
; IP_TOOL_NAME                       ; LPM_ADD_SUB                              ; --            ; --          ; --             ;
; IP_TOOL_NAME                       ; LPM_AND                                  ; --            ; --          ; --             ;
; IP_TOOL_NAME                       ; LPM_CLSHIFT                              ; --            ; --          ; --             ;
; IP_TOOL_NAME                       ; LPM_CLSHIFT                              ; --            ; --          ; --             ;
; IP_TOOL_NAME                       ; LPM_MUX                                  ; --            ; --          ; --             ;
; IP_TOOL_NAME                       ; LPM_OR                                   ; --            ; --          ; --             ;
; IP_TOOL_NAME                       ; LPM_MUX                                  ; --            ; --          ; --             ;
; IP_TOOL_NAME                       ; LPM_AND                                  ; --            ; --          ; --             ;
; IP_TOOL_NAME                       ; LPM_CLSHIFT                              ; --            ; --          ; --             ;
; IP_TOOL_NAME                       ; LPM_CLSHIFT                              ; --            ; --          ; --             ;
; IP_TOOL_NAME                       ; LPM_AND                                  ; --            ; --          ; --             ;
; IP_TOOL_NAME                       ; LPM_MUX                                  ; --            ; --          ; --             ;
; IP_TOOL_NAME                       ; LPM_ADD_SUB                              ; --            ; --          ; --             ;
; IP_TOOL_NAME                       ; LPM_MUX                                  ; --            ; --          ; --             ;
; IP_TOOL_NAME                       ; LPM_MUX                                  ; --            ; --          ; --             ;
; IP_TOOL_NAME                       ; LPM_MUX                                  ; --            ; --          ; --             ;
; IP_TOOL_NAME                       ; LPM_FF                                   ; --            ; --          ; --             ;
; IP_TOOL_NAME                       ; LPM_FF                                   ; --            ; --          ; --             ;
; IP_TOOL_NAME                       ; LPM_MUX                                  ; --            ; --          ; --             ;
; IP_TOOL_NAME                       ; LPM_FF                                   ; --            ; --          ; --             ;
; IP_TOOL_NAME                       ; LPM_MUX                                  ; --            ; --          ; --             ;
; IP_TOOL_NAME                       ; LPM_MUX                                  ; --            ; --          ; --             ;
; IP_TOOL_NAME                       ; LPM_MUX                                  ; --            ; --          ; --             ;
; IP_TOOL_NAME                       ; LPM_COUNTER                              ; --            ; --          ; --             ;
; IP_TOOL_NAME                       ; LPM_MUX                                  ; --            ; --          ; --             ;
; IP_TOOL_NAME                       ; LPM_MUX                                  ; --            ; --          ; --             ;
; IP_TOOL_NAME                       ; LPM_FF                                   ; --            ; --          ; --             ;
; IP_TOOL_NAME                       ; LPM_FF                                   ; --            ; --          ; --             ;
; IP_TOOL_NAME                       ; LPM_FF                                   ; --            ; --          ; --             ;
; IP_TOOL_NAME                       ; LPM_MUX                                  ; --            ; --          ; --             ;
; IP_TOOL_NAME                       ; LPM_MUX                                  ; --            ; --          ; --             ;
; IP_TOOL_NAME                       ; LPM_MUX                                  ; --            ; --          ; --             ;
; IP_TOOL_NAME                       ; LPM_OR                                   ; --            ; --          ; --             ;
; IP_TOOL_NAME                       ; LPM_ROM                                  ; --            ; --          ; --             ;
; IP_TOOL_NAME                       ; LPM_ROM                                  ; --            ; --          ; --             ;
; IP_TOOL_NAME                       ; LPM_ROM                                  ; --            ; --          ; --             ;
; IP_TOOL_NAME                       ; LPM_ROM                                  ; --            ; --          ; --             ;
; IP_TOOL_NAME                       ; LPM_RAM_DQ                               ; --            ; --          ; --             ;
; IP_TOOL_VERSION                    ; 9.1                                      ; --            ; --          ; --             ;
; IP_TOOL_VERSION                    ; 9.1                                      ; --            ; --          ; --             ;
; IP_TOOL_VERSION                    ; 9.1                                      ; --            ; --          ; --             ;
; IP_TOOL_VERSION                    ; 9.1                                      ; --            ; --          ; --             ;
; IP_TOOL_VERSION                    ; 9.1                                      ; --            ; --          ; --             ;
; IP_TOOL_VERSION                    ; 9.1                                      ; --            ; --          ; --             ;
; IP_TOOL_VERSION                    ; 9.1                                      ; --            ; --          ; --             ;
; IP_TOOL_VERSION                    ; 9.1                                      ; --            ; --          ; --             ;
; IP_TOOL_VERSION                    ; 9.1                                      ; --            ; --          ; --             ;
; IP_TOOL_VERSION                    ; 9.1                                      ; --            ; --          ; --             ;
; IP_TOOL_VERSION                    ; 9.1                                      ; --            ; --          ; --             ;
; IP_TOOL_VERSION                    ; 9.1                                      ; --            ; --          ; --             ;
; IP_TOOL_VERSION                    ; 9.1                                      ; --            ; --          ; --             ;
; IP_TOOL_VERSION                    ; 9.1                                      ; --            ; --          ; --             ;
; IP_TOOL_VERSION                    ; 9.1                                      ; --            ; --          ; --             ;
; IP_TOOL_VERSION                    ; 9.1                                      ; --            ; --          ; --             ;
; IP_TOOL_VERSION                    ; 9.1                                      ; --            ; --          ; --             ;
; IP_TOOL_VERSION                    ; 9.1                                      ; --            ; --          ; --             ;
; IP_TOOL_VERSION                    ; 9.1                                      ; --            ; --          ; --             ;
; IP_TOOL_VERSION                    ; 9.1                                      ; --            ; --          ; --             ;
; IP_TOOL_VERSION                    ; 9.1                                      ; --            ; --          ; --             ;
; IP_TOOL_VERSION                    ; 9.1                                      ; --            ; --          ; --             ;
; IP_TOOL_VERSION                    ; 9.1                                      ; --            ; --          ; --             ;
; IP_TOOL_VERSION                    ; 9.1                                      ; --            ; --          ; --             ;
; IP_TOOL_VERSION                    ; 9.1                                      ; --            ; --          ; --             ;
; IP_TOOL_VERSION                    ; 9.1                                      ; --            ; --          ; --             ;
; IP_TOOL_VERSION                    ; 9.1                                      ; --            ; --          ; --             ;
; IP_TOOL_VERSION                    ; 9.1                                      ; --            ; --          ; --             ;
; IP_TOOL_VERSION                    ; 9.1                                      ; --            ; --          ; --             ;
; IP_TOOL_VERSION                    ; 9.1                                      ; --            ; --          ; --             ;
; IP_TOOL_VERSION                    ; 9.1                                      ; --            ; --          ; --             ;
; IP_TOOL_VERSION                    ; 9.1                                      ; --            ; --          ; --             ;
; IP_TOOL_VERSION                    ; 9.1                                      ; --            ; --          ; --             ;
; IP_TOOL_VERSION                    ; 9.1                                      ; --            ; --          ; --             ;
; IP_TOOL_VERSION                    ; 9.1                                      ; --            ; --          ; --             ;
; IP_TOOL_VERSION                    ; 9.1                                      ; --            ; --          ; --             ;
; IP_TOOL_VERSION                    ; 9.1                                      ; --            ; --          ; --             ;
; IP_TOOL_VERSION                    ; 9.1                                      ; --            ; --          ; --             ;
; IP_TOOL_VERSION                    ; 9.1                                      ; --            ; --          ; --             ;
; IP_TOOL_VERSION                    ; 9.1                                      ; --            ; --          ; --             ;
; IP_TOOL_VERSION                    ; 9.1                                      ; --            ; --          ; --             ;
; MAX_CORE_JUNCTION_TEMP             ; 85                                       ; --            ; --          ; --             ;
; MIN_CORE_JUNCTION_TEMP             ; 0                                        ; --            ; --          ; --             ;
; MISC_FILE                          ; f:/quartus/quartus/计组实践/计组实践.dpf ; --            ; --          ; --             ;
; MISC_FILE                          ; lpm_mux5.tdf                             ; --            ; --          ; --             ;
; MISC_FILE                          ; lpm_mux5.bsf                             ; --            ; --          ; --             ;
; MISC_FILE                          ; lpm_mux5_inst.tdf                        ; --            ; --          ; --             ;
; MISC_FILE                          ; lpm_mux5.inc                             ; --            ; --          ; --             ;
; MISC_FILE                          ; lpm_mux5.cmp                             ; --            ; --          ; --             ;
; MISC_FILE                          ; lpm_decode0.tdf                          ; --            ; --          ; --             ;
; MISC_FILE                          ; lpm_decode0.bsf                          ; --            ; --          ; --             ;
; MISC_FILE                          ; lpm_decode0_inst.tdf                     ; --            ; --          ; --             ;
; MISC_FILE                          ; lpm_decode0.inc                          ; --            ; --          ; --             ;
; MISC_FILE                          ; lpm_decode0.cmp                          ; --            ; --          ; --             ;
; MISC_FILE                          ; lpm_dff2.tdf                             ; --            ; --          ; --             ;
; MISC_FILE                          ; lpm_dff2.bsf                             ; --            ; --          ; --             ;
; MISC_FILE                          ; lpm_dff2_inst.tdf                        ; --            ; --          ; --             ;
; MISC_FILE                          ; lpm_dff2.inc                             ; --            ; --          ; --             ;
; MISC_FILE                          ; lpm_dff2.cmp                             ; --            ; --          ; --             ;
; MISC_FILE                          ; lpm_add_sub0.tdf                         ; --            ; --          ; --             ;
; MISC_FILE                          ; lpm_add_sub0.bsf                         ; --            ; --          ; --             ;
; MISC_FILE                          ; lpm_add_sub0_inst.tdf                    ; --            ; --          ; --             ;
; MISC_FILE                          ; lpm_add_sub0.inc                         ; --            ; --          ; --             ;
; MISC_FILE                          ; lpm_add_sub0.cmp                         ; --            ; --          ; --             ;
; MISC_FILE                          ; lpm_and0.tdf                             ; --            ; --          ; --             ;
; MISC_FILE                          ; lpm_and0.bsf                             ; --            ; --          ; --             ;
; MISC_FILE                          ; lpm_and0_inst.tdf                        ; --            ; --          ; --             ;
; MISC_FILE                          ; lpm_and0.inc                             ; --            ; --          ; --             ;
; MISC_FILE                          ; lpm_and0.cmp                             ; --            ; --          ; --             ;
; MISC_FILE                          ; lpm_clshift0.tdf                         ; --            ; --          ; --             ;
; MISC_FILE                          ; lpm_clshift0.bsf                         ; --            ; --          ; --             ;
; MISC_FILE                          ; lpm_clshift0_inst.tdf                    ; --            ; --          ; --             ;
; MISC_FILE                          ; lpm_clshift0.inc                         ; --            ; --          ; --             ;
; MISC_FILE                          ; lpm_clshift0.cmp                         ; --            ; --          ; --             ;
; MISC_FILE                          ; lpm_clshift1.tdf                         ; --            ; --          ; --             ;
; MISC_FILE                          ; lpm_clshift1.bsf                         ; --            ; --          ; --             ;
; MISC_FILE                          ; lpm_clshift1_inst.tdf                    ; --            ; --          ; --             ;
; MISC_FILE                          ; lpm_clshift1.inc                         ; --            ; --          ; --             ;
; MISC_FILE                          ; lpm_clshift1.cmp                         ; --            ; --          ; --             ;
; MISC_FILE                          ; lpm_mux0.tdf                             ; --            ; --          ; --             ;
; MISC_FILE                          ; lpm_mux0.bsf                             ; --            ; --          ; --             ;
; MISC_FILE                          ; lpm_mux0_inst.tdf                        ; --            ; --          ; --             ;
; MISC_FILE                          ; lpm_mux0.inc                             ; --            ; --          ; --             ;
; MISC_FILE                          ; lpm_mux0.cmp                             ; --            ; --          ; --             ;
; MISC_FILE                          ; lpm_or0.tdf                              ; --            ; --          ; --             ;
; MISC_FILE                          ; lpm_or0.bsf                              ; --            ; --          ; --             ;
; MISC_FILE                          ; lpm_or0_inst.tdf                         ; --            ; --          ; --             ;
; MISC_FILE                          ; lpm_or0.inc                              ; --            ; --          ; --             ;
; MISC_FILE                          ; lpm_or0.cmp                              ; --            ; --          ; --             ;
; MISC_FILE                          ; lpm_mux1.tdf                             ; --            ; --          ; --             ;
; MISC_FILE                          ; lpm_mux1.bsf                             ; --            ; --          ; --             ;
; MISC_FILE                          ; lpm_mux1_inst.tdf                        ; --            ; --          ; --             ;
; MISC_FILE                          ; lpm_mux1.inc                             ; --            ; --          ; --             ;
; MISC_FILE                          ; lpm_mux1.cmp                             ; --            ; --          ; --             ;
; MISC_FILE                          ; lpm_and1.tdf                             ; --            ; --          ; --             ;
; MISC_FILE                          ; lpm_and1.bsf                             ; --            ; --          ; --             ;
; MISC_FILE                          ; lpm_and1_inst.tdf                        ; --            ; --          ; --             ;
; MISC_FILE                          ; lpm_and1.inc                             ; --            ; --          ; --             ;
; MISC_FILE                          ; lpm_and1.cmp                             ; --            ; --          ; --             ;
; MISC_FILE                          ; lpm_clshift2.tdf                         ; --            ; --          ; --             ;
; MISC_FILE                          ; lpm_clshift2.bsf                         ; --            ; --          ; --             ;
; MISC_FILE                          ; lpm_clshift2_inst.tdf                    ; --            ; --          ; --             ;
; MISC_FILE                          ; lpm_clshift2.inc                         ; --            ; --          ; --             ;
; MISC_FILE                          ; lpm_clshift2.cmp                         ; --            ; --          ; --             ;
; MISC_FILE                          ; lpm_clshift3.tdf                         ; --            ; --          ; --             ;
; MISC_FILE                          ; lpm_clshift3.bsf                         ; --            ; --          ; --             ;
; MISC_FILE                          ; lpm_clshift3_inst.tdf                    ; --            ; --          ; --             ;
; MISC_FILE                          ; lpm_clshift3.inc                         ; --            ; --          ; --             ;
; MISC_FILE                          ; lpm_clshift3.cmp                         ; --            ; --          ; --             ;
; MISC_FILE                          ; lpm_and2.tdf                             ; --            ; --          ; --             ;
; MISC_FILE                          ; lpm_and2.bsf                             ; --            ; --          ; --             ;
; MISC_FILE                          ; lpm_and2_inst.tdf                        ; --            ; --          ; --             ;
; MISC_FILE                          ; lpm_and2.inc                             ; --            ; --          ; --             ;
; MISC_FILE                          ; lpm_and2.cmp                             ; --            ; --          ; --             ;
; MISC_FILE                          ; lpm_mux2.tdf                             ; --            ; --          ; --             ;
; MISC_FILE                          ; lpm_mux2.bsf                             ; --            ; --          ; --             ;
; MISC_FILE                          ; lpm_mux2_inst.tdf                        ; --            ; --          ; --             ;
; MISC_FILE                          ; lpm_mux2.inc                             ; --            ; --          ; --             ;
; MISC_FILE                          ; lpm_mux2.cmp                             ; --            ; --          ; --             ;
; MISC_FILE                          ; lpm_add_sub1.tdf                         ; --            ; --          ; --             ;
; MISC_FILE                          ; lpm_add_sub1.bsf                         ; --            ; --          ; --             ;
; MISC_FILE                          ; lpm_add_sub1_inst.tdf                    ; --            ; --          ; --             ;
; MISC_FILE                          ; lpm_add_sub1.inc                         ; --            ; --          ; --             ;
; MISC_FILE                          ; lpm_add_sub1.cmp                         ; --            ; --          ; --             ;
; MISC_FILE                          ; lpm_mux3.tdf                             ; --            ; --          ; --             ;
; MISC_FILE                          ; lpm_mux3.bsf                             ; --            ; --          ; --             ;
; MISC_FILE                          ; lpm_mux3_inst.tdf                        ; --            ; --          ; --             ;
; MISC_FILE                          ; lpm_mux3.inc                             ; --            ; --          ; --             ;
; MISC_FILE                          ; lpm_mux3.cmp                             ; --            ; --          ; --             ;
; MISC_FILE                          ; lpm_mux4.tdf                             ; --            ; --          ; --             ;
; MISC_FILE                          ; lpm_mux4.bsf                             ; --            ; --          ; --             ;
; MISC_FILE                          ; lpm_mux4_inst.tdf                        ; --            ; --          ; --             ;
; MISC_FILE                          ; lpm_mux4.inc                             ; --            ; --          ; --             ;
; MISC_FILE                          ; lpm_mux4.cmp                             ; --            ; --          ; --             ;
; MISC_FILE                          ; lpm_mux6.tdf                             ; --            ; --          ; --             ;
; MISC_FILE                          ; lpm_mux6.bsf                             ; --            ; --          ; --             ;
; MISC_FILE                          ; lpm_mux6_inst.tdf                        ; --            ; --          ; --             ;
; MISC_FILE                          ; lpm_mux6.inc                             ; --            ; --          ; --             ;
; MISC_FILE                          ; lpm_mux6.cmp                             ; --            ; --          ; --             ;
; MISC_FILE                          ; lpm_dff0.tdf                             ; --            ; --          ; --             ;
; MISC_FILE                          ; lpm_dff0.bsf                             ; --            ; --          ; --             ;
; MISC_FILE                          ; lpm_dff0_inst.tdf                        ; --            ; --          ; --             ;
; MISC_FILE                          ; lpm_dff0.inc                             ; --            ; --          ; --             ;
; MISC_FILE                          ; lpm_dff0.cmp                             ; --            ; --          ; --             ;
; MISC_FILE                          ; lpm_dff1.tdf                             ; --            ; --          ; --             ;
; MISC_FILE                          ; lpm_dff1.bsf                             ; --            ; --          ; --             ;
; MISC_FILE                          ; lpm_dff1_inst.tdf                        ; --            ; --          ; --             ;
; MISC_FILE                          ; lpm_dff1.inc                             ; --            ; --          ; --             ;
; MISC_FILE                          ; lpm_dff1.cmp                             ; --            ; --          ; --             ;
; MISC_FILE                          ; lpm_mux7.tdf                             ; --            ; --          ; --             ;
; MISC_FILE                          ; lpm_mux7.bsf                             ; --            ; --          ; --             ;
; MISC_FILE                          ; lpm_mux7_inst.tdf                        ; --            ; --          ; --             ;
; MISC_FILE                          ; lpm_mux7.inc                             ; --            ; --          ; --             ;
; MISC_FILE                          ; lpm_mux7.cmp                             ; --            ; --          ; --             ;
; MISC_FILE                          ; lpm_dff3.tdf                             ; --            ; --          ; --             ;
; MISC_FILE                          ; lpm_dff3.bsf                             ; --            ; --          ; --             ;
; MISC_FILE                          ; lpm_dff3_inst.tdf                        ; --            ; --          ; --             ;
; MISC_FILE                          ; lpm_dff3.inc                             ; --            ; --          ; --             ;
; MISC_FILE                          ; lpm_dff3.cmp                             ; --            ; --          ; --             ;
; MISC_FILE                          ; lpm_mux8.tdf                             ; --            ; --          ; --             ;
; MISC_FILE                          ; lpm_mux8.bsf                             ; --            ; --          ; --             ;
; MISC_FILE                          ; lpm_mux8_inst.tdf                        ; --            ; --          ; --             ;
; MISC_FILE                          ; lpm_mux8.inc                             ; --            ; --          ; --             ;
; MISC_FILE                          ; lpm_mux8.cmp                             ; --            ; --          ; --             ;
; MISC_FILE                          ; lpm_mux9.tdf                             ; --            ; --          ; --             ;
; MISC_FILE                          ; lpm_mux9.bsf                             ; --            ; --          ; --             ;
; MISC_FILE                          ; lpm_mux9_inst.tdf                        ; --            ; --          ; --             ;
; MISC_FILE                          ; lpm_mux9.inc                             ; --            ; --          ; --             ;
; MISC_FILE                          ; lpm_mux9.cmp                             ; --            ; --          ; --             ;
; MISC_FILE                          ; lpm_mux10.tdf                            ; --            ; --          ; --             ;
; MISC_FILE                          ; lpm_mux10.bsf                            ; --            ; --          ; --             ;
; MISC_FILE                          ; lpm_mux10_inst.tdf                       ; --            ; --          ; --             ;
; MISC_FILE                          ; lpm_mux10.inc                            ; --            ; --          ; --             ;
; MISC_FILE                          ; lpm_mux10.cmp                            ; --            ; --          ; --             ;
; MISC_FILE                          ; lpm_counter0.tdf                         ; --            ; --          ; --             ;
; MISC_FILE                          ; lpm_counter0.bsf                         ; --            ; --          ; --             ;
; MISC_FILE                          ; lpm_counter0_inst.tdf                    ; --            ; --          ; --             ;
; MISC_FILE                          ; lpm_counter0.inc                         ; --            ; --          ; --             ;
; MISC_FILE                          ; lpm_counter0.cmp                         ; --            ; --          ; --             ;
; MISC_FILE                          ; lpm_mux11.tdf                            ; --            ; --          ; --             ;
; MISC_FILE                          ; lpm_mux11.bsf                            ; --            ; --          ; --             ;
; MISC_FILE                          ; lpm_mux11_inst.tdf                       ; --            ; --          ; --             ;
; MISC_FILE                          ; lpm_mux11.inc                            ; --            ; --          ; --             ;
; MISC_FILE                          ; lpm_mux11.cmp                            ; --            ; --          ; --             ;
; MISC_FILE                          ; lpm_mux12.tdf                            ; --            ; --          ; --             ;
; MISC_FILE                          ; lpm_mux12.bsf                            ; --            ; --          ; --             ;
; MISC_FILE                          ; lpm_mux12_inst.tdf                       ; --            ; --          ; --             ;
; MISC_FILE                          ; lpm_mux12.inc                            ; --            ; --          ; --             ;
; MISC_FILE                          ; lpm_mux12.cmp                            ; --            ; --          ; --             ;
; MISC_FILE                          ; lpm_dff4.tdf                             ; --            ; --          ; --             ;
; MISC_FILE                          ; lpm_dff4.bsf                             ; --            ; --          ; --             ;
; MISC_FILE                          ; lpm_dff4_inst.tdf                        ; --            ; --          ; --             ;
; MISC_FILE                          ; lpm_dff4.inc                             ; --            ; --          ; --             ;
; MISC_FILE                          ; lpm_dff4.cmp                             ; --            ; --          ; --             ;
; MISC_FILE                          ; lpm_dff5.tdf                             ; --            ; --          ; --             ;
; MISC_FILE                          ; lpm_dff5.bsf                             ; --            ; --          ; --             ;
; MISC_FILE                          ; lpm_dff5_inst.tdf                        ; --            ; --          ; --             ;
; MISC_FILE                          ; lpm_dff5.inc                             ; --            ; --          ; --             ;
; MISC_FILE                          ; lpm_dff5.cmp                             ; --            ; --          ; --             ;
; MISC_FILE                          ; lpm_dff6.tdf                             ; --            ; --          ; --             ;
; MISC_FILE                          ; lpm_dff6.bsf                             ; --            ; --          ; --             ;
; MISC_FILE                          ; lpm_dff6_inst.tdf                        ; --            ; --          ; --             ;
; MISC_FILE                          ; lpm_dff6.inc                             ; --            ; --          ; --             ;
; MISC_FILE                          ; lpm_dff6.cmp                             ; --            ; --          ; --             ;
; MISC_FILE                          ; lpm_mux13.tdf                            ; --            ; --          ; --             ;
; MISC_FILE                          ; lpm_mux13.bsf                            ; --            ; --          ; --             ;
; MISC_FILE                          ; lpm_mux13_inst.tdf                       ; --            ; --          ; --             ;
; MISC_FILE                          ; lpm_mux13.inc                            ; --            ; --          ; --             ;
; MISC_FILE                          ; lpm_mux13.cmp                            ; --            ; --          ; --             ;
; MISC_FILE                          ; lpm_mux14.tdf                            ; --            ; --          ; --             ;
; MISC_FILE                          ; lpm_mux14.bsf                            ; --            ; --          ; --             ;
; MISC_FILE                          ; lpm_mux14_inst.tdf                       ; --            ; --          ; --             ;
; MISC_FILE                          ; lpm_mux14.inc                            ; --            ; --          ; --             ;
; MISC_FILE                          ; lpm_mux14.cmp                            ; --            ; --          ; --             ;
; MISC_FILE                          ; lpm_mux15.tdf                            ; --            ; --          ; --             ;
; MISC_FILE                          ; lpm_mux15.bsf                            ; --            ; --          ; --             ;
; MISC_FILE                          ; lpm_mux15_inst.tdf                       ; --            ; --          ; --             ;
; MISC_FILE                          ; lpm_mux15.inc                            ; --            ; --          ; --             ;
; MISC_FILE                          ; lpm_mux15.cmp                            ; --            ; --          ; --             ;
; MISC_FILE                          ; lpm_or1.tdf                              ; --            ; --          ; --             ;
; MISC_FILE                          ; lpm_or1.bsf                              ; --            ; --          ; --             ;
; MISC_FILE                          ; lpm_or1_inst.tdf                         ; --            ; --          ; --             ;
; MISC_FILE                          ; lpm_or1.inc                              ; --            ; --          ; --             ;
; MISC_FILE                          ; lpm_or1.cmp                              ; --            ; --          ; --             ;
; MISC_FILE                          ; lpm_rom0.tdf                             ; --            ; --          ; --             ;
; MISC_FILE                          ; lpm_rom0.bsf                             ; --            ; --          ; --             ;
; MISC_FILE                          ; lpm_rom0_inst.tdf                        ; --            ; --          ; --             ;
; MISC_FILE                          ; lpm_rom0.inc                             ; --            ; --          ; --             ;
; MISC_FILE                          ; lpm_rom0.cmp                             ; --            ; --          ; --             ;
; MISC_FILE                          ; lpm_rom1.tdf                             ; --            ; --          ; --             ;
; MISC_FILE                          ; lpm_rom1.bsf                             ; --            ; --          ; --             ;
; MISC_FILE                          ; lpm_rom1_inst.tdf                        ; --            ; --          ; --             ;
; MISC_FILE                          ; lpm_rom1.inc                             ; --            ; --          ; --             ;
; MISC_FILE                          ; lpm_rom1.cmp                             ; --            ; --          ; --             ;
; MISC_FILE                          ; lpm_rom2.tdf                             ; --            ; --          ; --             ;
; MISC_FILE                          ; lpm_rom2.bsf                             ; --            ; --          ; --             ;
; MISC_FILE                          ; lpm_rom2_inst.tdf                        ; --            ; --          ; --             ;
; MISC_FILE                          ; lpm_rom2.inc                             ; --            ; --          ; --             ;
; MISC_FILE                          ; lpm_rom2.cmp                             ; --            ; --          ; --             ;
; MISC_FILE                          ; lpm_rom3.tdf                             ; --            ; --          ; --             ;
; MISC_FILE                          ; lpm_rom3.bsf                             ; --            ; --          ; --             ;
; MISC_FILE                          ; lpm_rom3_inst.tdf                        ; --            ; --          ; --             ;
; MISC_FILE                          ; lpm_rom3.inc                             ; --            ; --          ; --             ;
; MISC_FILE                          ; lpm_rom3.cmp                             ; --            ; --          ; --             ;
; MISC_FILE                          ; lpm_ram_dq0.tdf                          ; --            ; --          ; --             ;
; MISC_FILE                          ; lpm_ram_dq0.bsf                          ; --            ; --          ; --             ;
; MISC_FILE                          ; lpm_ram_dq0_inst.tdf                     ; --            ; --          ; --             ;
; MISC_FILE                          ; lpm_ram_dq0.inc                          ; --            ; --          ; --             ;
; MISC_FILE                          ; lpm_ram_dq0.cmp                          ; --            ; --          ; --             ;
; NOMINAL_CORE_SUPPLY_VOLTAGE        ; 1.2V                                     ; --            ; --          ; --             ;
; PARTITION_COLOR                    ; 16764057                                 ; --            ; HostMachine ; Top            ;
; PARTITION_NETLIST_TYPE             ; SOURCE                                   ; --            ; HostMachine ; Top            ;
; TOP_LEVEL_ENTITY                   ; HostMachine                              ; 计组实践      ; --          ; --             ;
; USE_GENERATED_PHYSICAL_CONSTRAINTS ; Off                                      ; --            ; --          ; eda_blast_fpga ;
+------------------------------------+------------------------------------------+---------------+-------------+----------------+


+-------------------------------------------------------------------------------------------------------------------------------+
; Flow Elapsed Time                                                                                                             ;
+---------------------------+--------------+-------------------------+---------------------+------------------------------------+
; Module Name               ; Elapsed Time ; Average Processors Used ; Peak Virtual Memory ; Total CPU Time (on all processors) ;
+---------------------------+--------------+-------------------------+---------------------+------------------------------------+
; Analysis & Synthesis      ; 00:00:53     ; 1.0                     ; 312 MB              ; 00:00:53                           ;
; Fitter                    ; 00:00:42     ; 1.0                     ; 332 MB              ; 00:00:43                           ;
; TimeQuest Timing Analyzer ; 00:00:35     ; 1.0                     ; 363 MB              ; 00:00:33                           ;
; Assembler                 ; 00:00:01     ; 1.0                     ; 247 MB              ; 00:00:01                           ;
; Total                     ; 00:02:10     ; --                      ; --                  ; 00:02:09                           ;
+---------------------------+--------------+-------------------------+---------------------+------------------------------------+


+--------------------------------------------------------------------------------------------+
; Flow OS Summary                                                                            ;
+---------------------------+------------------+---------------+------------+----------------+
; Module Name               ; Machine Hostname ; OS Name       ; OS Version ; Processor type ;
+---------------------------+------------------+---------------+------------+----------------+
; Analysis & Synthesis      ; LAPTOP-F9A86I75  ; Windows Vista ; 6.2        ; x86_64         ;
; Fitter                    ; LAPTOP-F9A86I75  ; Windows Vista ; 6.2        ; x86_64         ;
; Assembler                 ; LAPTOP-F9A86I75  ; Windows Vista ; 6.2        ; x86_64         ;
; TimeQuest Timing Analyzer ; LAPTOP-F9A86I75  ; Windows Vista ; 6.2        ; x86_64         ;
+---------------------------+------------------+---------------+------------+----------------+


------------
; Flow Log ;
------------
quartus_map --read_settings_files=on --write_settings_files=off 计组实践 -c 计组实践
quartus_fit --read_settings_files=off --write_settings_files=off 计组实践 -c 计组实践
quartus_asm --read_settings_files=off --write_settings_files=off 计组实践 -c 计组实践
quartus_sta 计组实践 -c 计组实践



